sql [2021-03-05 00:00:02] [DEBUG]: Executing (default): SELECT `id`, `loginId`, `loginPwd`, `createdAt`, `deletedAt` FROM `Admins` AS `Admin` WHERE (`Admin`.`deletedAt` IS NULL);

sql [2021-03-05 00:00:02] [DEBUG]: Executing (default): SELECT count(*) AS `count` FROM `Articles` AS `Article` WHERE (`Article`.`deletedAt` IS NULL);

sql [2021-03-05 00:00:02] [DEBUG]: Executing (default): SELECT `id`, `title`, `content`, `imgurl`, `author`, `createdAt`, `deletedAt`, `AdminId` FROM `Articles` AS `Article` WHERE (`Article`.`deletedAt` IS NULL);

sql [2021-03-05 00:00:02] [DEBUG]: Executing (default): SELECT count(*) AS `count` FROM `Articles` AS `Article` WHERE (`Article`.`deletedAt` IS NULL);

sql [2021-03-05 00:00:11] [DEBUG]: Executing (default): SELECT `id`, `loginId`, `loginPwd`, `createdAt`, `deletedAt` FROM `Admins` AS `Admin` WHERE (`Admin`.`deletedAt` IS NULL);

sql [2021-03-05 00:00:11] [DEBUG]: Executing (default): SELECT count(*) AS `count` FROM `Articles` AS `Article` WHERE (`Article`.`deletedAt` IS NULL);

sql [2021-03-05 00:00:11] [DEBUG]: Executing (default): SELECT `id`, `title`, `content`, `imgurl`, `author`, `createdAt`, `deletedAt`, `AdminId` FROM `Articles` AS `Article` WHERE (`Article`.`deletedAt` IS NULL);

sql [2021-03-05 00:00:11] [DEBUG]: Executing (default): SELECT count(*) AS `count` FROM `Articles` AS `Article` WHERE (`Article`.`deletedAt` IS NULL);

sql [2021-03-05 00:00:43] [DEBUG]: Executing (default): SELECT `id`, `loginId`, `loginPwd`, `createdAt`, `deletedAt` FROM `Admins` AS `Admin` WHERE (`Admin`.`deletedAt` IS NULL);

sql [2021-03-05 00:00:43] [DEBUG]: Executing (default): SELECT count(*) AS `count` FROM `Articles` AS `Article` WHERE (`Article`.`deletedAt` IS NULL);

sql [2021-03-05 00:00:43] [DEBUG]: Executing (default): SELECT `id`, `title`, `content`, `imgurl`, `author`, `createdAt`, `deletedAt`, `AdminId` FROM `Articles` AS `Article` WHERE (`Article`.`deletedAt` IS NULL);

sql [2021-03-05 00:00:43] [DEBUG]: Executing (default): SELECT count(*) AS `count` FROM `Articles` AS `Article` WHERE (`Article`.`deletedAt` IS NULL);

sql [2021-03-05 00:00:50] [DEBUG]: Executing (default): SELECT `id`, `loginId`, `loginPwd`, `createdAt`, `deletedAt` FROM `Admins` AS `Admin` WHERE (`Admin`.`deletedAt` IS NULL);

sql [2021-03-05 00:00:50] [DEBUG]: Executing (default): SELECT count(*) AS `count` FROM `Articles` AS `Article` WHERE (`Article`.`deletedAt` IS NULL);

sql [2021-03-05 00:00:50] [DEBUG]: Executing (default): SELECT `id`, `title`, `content`, `imgurl`, `author`, `createdAt`, `deletedAt`, `AdminId` FROM `Articles` AS `Article` WHERE (`Article`.`deletedAt` IS NULL);

sql [2021-03-05 00:00:50] [DEBUG]: Executing (default): SELECT count(*) AS `count` FROM `Articles` AS `Article` WHERE (`Article`.`deletedAt` IS NULL);

sql [2021-03-05 00:01:03] [DEBUG]: Executing (default): SELECT `id`, `loginId`, `loginPwd`, `createdAt`, `deletedAt` FROM `Admins` AS `Admin` WHERE (`Admin`.`deletedAt` IS NULL);

sql [2021-03-05 00:01:03] [DEBUG]: Executing (default): SELECT count(*) AS `count` FROM `Articles` AS `Article` WHERE (`Article`.`deletedAt` IS NULL);

sql [2021-03-05 00:01:03] [DEBUG]: Executing (default): SELECT `id`, `title`, `content`, `imgurl`, `author`, `createdAt`, `deletedAt`, `AdminId` FROM `Articles` AS `Article` WHERE (`Article`.`deletedAt` IS NULL);

sql [2021-03-05 00:01:03] [DEBUG]: Executing (default): SELECT count(*) AS `count` FROM `Articles` AS `Article` WHERE (`Article`.`deletedAt` IS NULL);

sql [2021-03-05 00:01:14] [DEBUG]: Executing (default): SELECT `id`, `loginId`, `loginPwd`, `createdAt`, `deletedAt` FROM `Admins` AS `Admin` WHERE (`Admin`.`deletedAt` IS NULL AND (`Admin`.`loginId` = 'abc' AND `Admin`.`loginPwd` = '123132'));

sql [2021-03-05 00:01:18] [DEBUG]: Executing (default): SELECT `id`, `loginId`, `loginPwd`, `createdAt`, `deletedAt` FROM `Admins` AS `Admin` WHERE (`Admin`.`deletedAt` IS NULL AND (`Admin`.`loginId` = 'abc' AND `Admin`.`loginPwd` = '123123'));

sql [2021-03-05 00:05:18] [DEBUG]: Executing (default): SELECT `id`, `loginId`, `loginPwd`, `createdAt`, `deletedAt` FROM `Admins` AS `Admin` WHERE (`Admin`.`deletedAt` IS NULL);

sql [2021-03-05 00:05:18] [DEBUG]: Executing (default): SELECT count(*) AS `count` FROM `Articles` AS `Article` WHERE (`Article`.`deletedAt` IS NULL);

sql [2021-03-05 00:05:18] [DEBUG]: Executing (default): SELECT `id`, `title`, `content`, `imgurl`, `author`, `createdAt`, `deletedAt`, `AdminId` FROM `Articles` AS `Article` WHERE (`Article`.`deletedAt` IS NULL);

sql [2021-03-05 00:05:18] [DEBUG]: Executing (default): SELECT count(*) AS `count` FROM `Articles` AS `Article` WHERE (`Article`.`deletedAt` IS NULL);

sql [2021-03-05 00:05:21] [DEBUG]: Executing (default): SELECT `id`, `loginId`, `loginPwd`, `createdAt`, `deletedAt` FROM `Admins` AS `Admin` WHERE (`Admin`.`deletedAt` IS NULL);

sql [2021-03-05 00:05:21] [DEBUG]: Executing (default): SELECT count(*) AS `count` FROM `Articles` AS `Article` WHERE (`Article`.`deletedAt` IS NULL);

sql [2021-03-05 00:05:21] [DEBUG]: Executing (default): SELECT `id`, `title`, `content`, `imgurl`, `author`, `createdAt`, `deletedAt`, `AdminId` FROM `Articles` AS `Article` WHERE (`Article`.`deletedAt` IS NULL);

sql [2021-03-05 00:05:21] [DEBUG]: Executing (default): SELECT count(*) AS `count` FROM `Articles` AS `Article` WHERE (`Article`.`deletedAt` IS NULL);

sql [2021-03-05 00:06:30] [DEBUG]: Executing (default): SELECT `id`, `loginId`, `loginPwd`, `createdAt`, `deletedAt` FROM `Admins` AS `Admin` WHERE (`Admin`.`deletedAt` IS NULL);

sql [2021-03-05 00:06:30] [DEBUG]: Executing (default): SELECT count(*) AS `count` FROM `Articles` AS `Article` WHERE (`Article`.`deletedAt` IS NULL);

sql [2021-03-05 00:06:30] [DEBUG]: Executing (default): SELECT `id`, `title`, `content`, `imgurl`, `author`, `createdAt`, `deletedAt`, `AdminId` FROM `Articles` AS `Article` WHERE (`Article`.`deletedAt` IS NULL);

sql [2021-03-05 00:06:30] [DEBUG]: Executing (default): SELECT count(*) AS `count` FROM `Articles` AS `Article` WHERE (`Article`.`deletedAt` IS NULL);

sql [2021-03-05 00:13:43] [DEBUG]: Executing (default): SELECT `id`, `loginId`, `loginPwd`, `createdAt`, `deletedAt` FROM `Admins` AS `Admin` WHERE (`Admin`.`deletedAt` IS NULL);

sql [2021-03-05 00:13:43] [DEBUG]: Executing (default): SELECT count(*) AS `count` FROM `Articles` AS `Article` WHERE (`Article`.`deletedAt` IS NULL);

sql [2021-03-05 00:13:43] [DEBUG]: Executing (default): SELECT `id`, `title`, `content`, `imgurl`, `author`, `createdAt`, `deletedAt`, `AdminId` FROM `Articles` AS `Article` WHERE (`Article`.`deletedAt` IS NULL);

sql [2021-03-05 00:13:43] [DEBUG]: Executing (default): SELECT count(*) AS `count` FROM `Articles` AS `Article` WHERE (`Article`.`deletedAt` IS NULL);

sql [2021-03-05 00:13:44] [DEBUG]: Executing (default): SELECT `id`, `loginId`, `loginPwd`, `createdAt`, `deletedAt` FROM `Admins` AS `Admin` WHERE (`Admin`.`deletedAt` IS NULL);

sql [2021-03-05 00:13:44] [DEBUG]: Executing (default): SELECT count(*) AS `count` FROM `Articles` AS `Article` WHERE (`Article`.`deletedAt` IS NULL);

sql [2021-03-05 00:13:44] [DEBUG]: Executing (default): SELECT `id`, `title`, `content`, `imgurl`, `author`, `createdAt`, `deletedAt`, `AdminId` FROM `Articles` AS `Article` WHERE (`Article`.`deletedAt` IS NULL);

sql [2021-03-05 00:13:44] [DEBUG]: Executing (default): SELECT count(*) AS `count` FROM `Articles` AS `Article` WHERE (`Article`.`deletedAt` IS NULL);

sql [2021-03-05 00:19:12] [DEBUG]: Executing (default): SELECT `id`, `loginId`, `loginPwd`, `createdAt`, `deletedAt` FROM `Admins` AS `Admin` WHERE (`Admin`.`deletedAt` IS NULL);

sql [2021-03-05 00:19:12] [DEBUG]: Executing (default): SELECT count(*) AS `count` FROM `Articles` AS `Article` WHERE (`Article`.`deletedAt` IS NULL);

sql [2021-03-05 00:19:12] [DEBUG]: Executing (default): SELECT `id`, `title`, `content`, `imgurl`, `author`, `createdAt`, `deletedAt`, `AdminId` FROM `Articles` AS `Article` WHERE (`Article`.`deletedAt` IS NULL);

sql [2021-03-05 00:19:12] [DEBUG]: Executing (default): SELECT count(*) AS `count` FROM `Articles` AS `Article` WHERE (`Article`.`deletedAt` IS NULL);

sql [2021-03-05 00:19:14] [DEBUG]: Executing (default): SELECT `id`, `loginId`, `loginPwd`, `createdAt`, `deletedAt` FROM `Admins` AS `Admin` WHERE (`Admin`.`deletedAt` IS NULL);

sql [2021-03-05 00:19:14] [DEBUG]: Executing (default): SELECT count(*) AS `count` FROM `Articles` AS `Article` WHERE (`Article`.`deletedAt` IS NULL);

sql [2021-03-05 00:19:14] [DEBUG]: Executing (default): SELECT `id`, `title`, `content`, `imgurl`, `author`, `createdAt`, `deletedAt`, `AdminId` FROM `Articles` AS `Article` WHERE (`Article`.`deletedAt` IS NULL);

sql [2021-03-05 00:19:14] [DEBUG]: Executing (default): SELECT count(*) AS `count` FROM `Articles` AS `Article` WHERE (`Article`.`deletedAt` IS NULL);

sql [2021-03-05 00:24:52] [DEBUG]: Executing (default): SELECT `id`, `loginId`, `loginPwd`, `createdAt`, `deletedAt` FROM `Admins` AS `Admin` WHERE (`Admin`.`deletedAt` IS NULL);

sql [2021-03-05 00:24:52] [DEBUG]: Executing (default): SELECT count(*) AS `count` FROM `Articles` AS `Article` WHERE (`Article`.`deletedAt` IS NULL);

sql [2021-03-05 00:24:52] [DEBUG]: Executing (default): SELECT `id`, `title`, `content`, `imgurl`, `author`, `createdAt`, `deletedAt`, `AdminId` FROM `Articles` AS `Article` WHERE (`Article`.`deletedAt` IS NULL);

sql [2021-03-05 00:24:52] [DEBUG]: Executing (default): SELECT count(*) AS `count` FROM `Articles` AS `Article` WHERE (`Article`.`deletedAt` IS NULL);

sql [2021-03-05 00:25:25] [DEBUG]: Executing (default): SELECT `id`, `loginId`, `loginPwd`, `createdAt`, `deletedAt` FROM `Admins` AS `Admin` WHERE (`Admin`.`deletedAt` IS NULL);

sql [2021-03-05 00:25:25] [DEBUG]: Executing (default): SELECT count(*) AS `count` FROM `Articles` AS `Article` WHERE (`Article`.`deletedAt` IS NULL);

sql [2021-03-05 00:25:25] [DEBUG]: Executing (default): SELECT `id`, `title`, `content`, `imgurl`, `author`, `createdAt`, `deletedAt`, `AdminId` FROM `Articles` AS `Article` WHERE (`Article`.`deletedAt` IS NULL);

sql [2021-03-05 00:25:25] [DEBUG]: Executing (default): SELECT count(*) AS `count` FROM `Articles` AS `Article` WHERE (`Article`.`deletedAt` IS NULL);

sql [2021-03-05 00:29:01] [DEBUG]: Executing (default): SELECT count(*) AS `count` FROM `Articles` AS `Article` WHERE (`Article`.`deletedAt` IS NULL);

sql [2021-03-05 00:29:01] [DEBUG]: Executing (default): SELECT `id`, `title`, `content`, `imgurl`, `author`, `createdAt`, `deletedAt`, `AdminId` FROM `Articles` AS `Article` WHERE (`Article`.`deletedAt` IS NULL);

sql [2021-03-05 00:29:01] [DEBUG]: Executing (default): SELECT `id`, `loginId`, `loginPwd`, `createdAt`, `deletedAt` FROM `Admins` AS `Admin` WHERE (`Admin`.`deletedAt` IS NULL);

sql [2021-03-05 00:29:01] [DEBUG]: Executing (default): SELECT count(*) AS `count` FROM `Articles` AS `Article` WHERE (`Article`.`deletedAt` IS NULL);

sql [2021-03-05 00:29:02] [DEBUG]: Executing (default): SELECT `id`, `loginId`, `loginPwd`, `createdAt`, `deletedAt` FROM `Admins` AS `Admin` WHERE (`Admin`.`deletedAt` IS NULL);

sql [2021-03-05 00:29:02] [DEBUG]: Executing (default): SELECT count(*) AS `count` FROM `Articles` AS `Article` WHERE (`Article`.`deletedAt` IS NULL);

sql [2021-03-05 00:29:02] [DEBUG]: Executing (default): SELECT `id`, `title`, `content`, `imgurl`, `author`, `createdAt`, `deletedAt`, `AdminId` FROM `Articles` AS `Article` WHERE (`Article`.`deletedAt` IS NULL);

sql [2021-03-05 00:29:02] [DEBUG]: Executing (default): SELECT count(*) AS `count` FROM `Articles` AS `Article` WHERE (`Article`.`deletedAt` IS NULL);

sql [2021-03-05 00:47:57] [DEBUG]: Executing (default): SELECT count(*) AS `count` FROM `Articles` AS `Article` WHERE (`Article`.`deletedAt` IS NULL);

sql [2021-03-05 00:47:57] [DEBUG]: Executing (default): SELECT `id`, `title`, `content`, `imgurl`, `author`, `createdAt`, `deletedAt`, `AdminId` FROM `Articles` AS `Article` WHERE (`Article`.`deletedAt` IS NULL);

sql [2021-03-05 00:47:57] [DEBUG]: Executing (default): SELECT `id`, `loginId`, `loginPwd`, `createdAt`, `deletedAt` FROM `Admins` AS `Admin` WHERE (`Admin`.`deletedAt` IS NULL);

sql [2021-03-05 00:47:57] [DEBUG]: Executing (default): SELECT count(*) AS `count` FROM `Articles` AS `Article` WHERE (`Article`.`deletedAt` IS NULL);

sql [2021-03-05 00:48:27] [DEBUG]: Executing (default): SELECT count(*) AS `count` FROM `Articles` AS `Article` WHERE (`Article`.`deletedAt` IS NULL);

sql [2021-03-05 00:48:27] [DEBUG]: Executing (default): SELECT `id`, `title`, `content`, `imgurl`, `author`, `createdAt`, `deletedAt`, `AdminId` FROM `Articles` AS `Article` WHERE (`Article`.`deletedAt` IS NULL);

sql [2021-03-05 00:48:27] [DEBUG]: Executing (default): SELECT `id`, `loginId`, `loginPwd`, `createdAt`, `deletedAt` FROM `Admins` AS `Admin` WHERE (`Admin`.`deletedAt` IS NULL);

sql [2021-03-05 00:48:27] [DEBUG]: Executing (default): SELECT count(*) AS `count` FROM `Articles` AS `Article` WHERE (`Article`.`deletedAt` IS NULL);

sql [2021-03-05 01:05:14] [DEBUG]: Executing (default): SELECT `id`, `loginId`, `loginPwd`, `createdAt`, `deletedAt` FROM `Admins` AS `Admin` WHERE (`Admin`.`deletedAt` IS NULL);

sql [2021-03-05 01:05:14] [DEBUG]: Executing (default): SELECT count(*) AS `count` FROM `Articles` AS `Article` WHERE (`Article`.`deletedAt` IS NULL);

sql [2021-03-05 01:05:14] [DEBUG]: Executing (default): SELECT `id`, `title`, `content`, `imgurl`, `author`, `createdAt`, `deletedAt`, `AdminId` FROM `Articles` AS `Article` WHERE (`Article`.`deletedAt` IS NULL);

sql [2021-03-05 01:05:14] [DEBUG]: Executing (default): SELECT count(*) AS `count` FROM `Articles` AS `Article` WHERE (`Article`.`deletedAt` IS NULL);

sql [2021-03-05 01:05:37] [DEBUG]: Executing (default): SELECT `id`, `loginId`, `loginPwd`, `createdAt`, `deletedAt` FROM `Admins` AS `Admin` WHERE (`Admin`.`deletedAt` IS NULL);

sql [2021-03-05 01:05:37] [DEBUG]: Executing (default): SELECT count(*) AS `count` FROM `Articles` AS `Article` WHERE (`Article`.`deletedAt` IS NULL);

sql [2021-03-05 01:05:37] [DEBUG]: Executing (default): SELECT `id`, `title`, `content`, `imgurl`, `author`, `createdAt`, `deletedAt`, `AdminId` FROM `Articles` AS `Article` WHERE (`Article`.`deletedAt` IS NULL);

sql [2021-03-05 01:05:37] [DEBUG]: Executing (default): SELECT count(*) AS `count` FROM `Articles` AS `Article` WHERE (`Article`.`deletedAt` IS NULL);

sql [2021-03-05 01:06:15] [DEBUG]: Executing (default): SELECT `id`, `loginId`, `loginPwd`, `createdAt`, `deletedAt` FROM `Admins` AS `Admin` WHERE (`Admin`.`deletedAt` IS NULL);

sql [2021-03-05 01:06:15] [DEBUG]: Executing (default): SELECT count(*) AS `count` FROM `Articles` AS `Article` WHERE (`Article`.`deletedAt` IS NULL);

sql [2021-03-05 01:06:15] [DEBUG]: Executing (default): SELECT `id`, `title`, `content`, `imgurl`, `author`, `createdAt`, `deletedAt`, `AdminId` FROM `Articles` AS `Article` WHERE (`Article`.`deletedAt` IS NULL);

sql [2021-03-05 01:06:15] [DEBUG]: Executing (default): SELECT count(*) AS `count` FROM `Articles` AS `Article` WHERE (`Article`.`deletedAt` IS NULL);

sql [2021-03-05 01:29:59] [DEBUG]: Executing (default): SELECT `id`, `loginId`, `loginPwd`, `createdAt`, `deletedAt` FROM `Admins` AS `Admin` WHERE (`Admin`.`deletedAt` IS NULL);

sql [2021-03-05 01:29:59] [DEBUG]: Executing (default): SELECT count(*) AS `count` FROM `Articles` AS `Article` WHERE (`Article`.`deletedAt` IS NULL);

sql [2021-03-05 01:29:59] [DEBUG]: Executing (default): SELECT `id`, `title`, `content`, `imgurl`, `author`, `createdAt`, `deletedAt`, `AdminId` FROM `Articles` AS `Article` WHERE (`Article`.`deletedAt` IS NULL);

sql [2021-03-05 01:29:59] [DEBUG]: Executing (default): SELECT count(*) AS `count` FROM `Articles` AS `Article` WHERE (`Article`.`deletedAt` IS NULL);

sql [2021-03-05 01:33:17] [DEBUG]: Executing (default): SELECT `id`, `loginId`, `loginPwd`, `createdAt`, `deletedAt` FROM `Admins` AS `Admin` WHERE (`Admin`.`deletedAt` IS NULL);

sql [2021-03-05 01:33:17] [DEBUG]: Executing (default): SELECT count(*) AS `count` FROM `Articles` AS `Article` WHERE (`Article`.`deletedAt` IS NULL);

sql [2021-03-05 01:33:17] [DEBUG]: Executing (default): SELECT `id`, `title`, `content`, `imgurl`, `author`, `createdAt`, `deletedAt`, `AdminId` FROM `Articles` AS `Article` WHERE (`Article`.`deletedAt` IS NULL);

sql [2021-03-05 01:33:17] [DEBUG]: Executing (default): SELECT count(*) AS `count` FROM `Articles` AS `Article` WHERE (`Article`.`deletedAt` IS NULL);

sql [2021-03-05 01:33:18] [DEBUG]: Executing (default): SELECT `id`, `loginId`, `loginPwd`, `createdAt`, `deletedAt` FROM `Admins` AS `Admin` WHERE (`Admin`.`deletedAt` IS NULL);

sql [2021-03-05 01:33:18] [DEBUG]: Executing (default): SELECT count(*) AS `count` FROM `Articles` AS `Article` WHERE (`Article`.`deletedAt` IS NULL);

sql [2021-03-05 01:33:18] [DEBUG]: Executing (default): SELECT `id`, `title`, `content`, `imgurl`, `author`, `createdAt`, `deletedAt`, `AdminId` FROM `Articles` AS `Article` WHERE (`Article`.`deletedAt` IS NULL);

sql [2021-03-05 01:33:18] [DEBUG]: Executing (default): SELECT count(*) AS `count` FROM `Articles` AS `Article` WHERE (`Article`.`deletedAt` IS NULL);

sql [2021-03-05 01:34:35] [DEBUG]: Executing (default): SELECT `id`, `loginId`, `loginPwd`, `createdAt`, `deletedAt` FROM `Admins` AS `Admin` WHERE (`Admin`.`deletedAt` IS NULL);

sql [2021-03-05 01:34:35] [DEBUG]: Executing (default): SELECT count(*) AS `count` FROM `Articles` AS `Article` WHERE (`Article`.`deletedAt` IS NULL);

sql [2021-03-05 01:34:35] [DEBUG]: Executing (default): SELECT `id`, `title`, `content`, `imgurl`, `author`, `createdAt`, `deletedAt`, `AdminId` FROM `Articles` AS `Article` WHERE (`Article`.`deletedAt` IS NULL);

sql [2021-03-05 01:34:35] [DEBUG]: Executing (default): SELECT count(*) AS `count` FROM `Articles` AS `Article` WHERE (`Article`.`deletedAt` IS NULL);

sql [2021-03-05 01:34:37] [DEBUG]: Executing (default): SELECT `id`, `loginId`, `loginPwd`, `createdAt`, `deletedAt` FROM `Admins` AS `Admin` WHERE (`Admin`.`deletedAt` IS NULL);

sql [2021-03-05 01:34:37] [DEBUG]: Executing (default): SELECT count(*) AS `count` FROM `Articles` AS `Article` WHERE (`Article`.`deletedAt` IS NULL);

sql [2021-03-05 01:34:37] [DEBUG]: Executing (default): SELECT `id`, `title`, `content`, `imgurl`, `author`, `createdAt`, `deletedAt`, `AdminId` FROM `Articles` AS `Article` WHERE (`Article`.`deletedAt` IS NULL);

sql [2021-03-05 01:34:37] [DEBUG]: Executing (default): SELECT count(*) AS `count` FROM `Articles` AS `Article` WHERE (`Article`.`deletedAt` IS NULL);

sql [2021-03-05 01:38:11] [DEBUG]: Executing (default): SELECT `id`, `loginId`, `loginPwd`, `createdAt`, `deletedAt` FROM `Admins` AS `Admin` WHERE (`Admin`.`deletedAt` IS NULL);

sql [2021-03-05 01:38:11] [DEBUG]: Executing (default): SELECT count(*) AS `count` FROM `Articles` AS `Article` WHERE (`Article`.`deletedAt` IS NULL);

sql [2021-03-05 01:38:11] [DEBUG]: Executing (default): SELECT `id`, `title`, `content`, `imgurl`, `author`, `createdAt`, `deletedAt`, `AdminId` FROM `Articles` AS `Article` WHERE (`Article`.`deletedAt` IS NULL);

sql [2021-03-05 01:38:11] [DEBUG]: Executing (default): SELECT count(*) AS `count` FROM `Articles` AS `Article` WHERE (`Article`.`deletedAt` IS NULL);

sql [2021-03-05 01:38:12] [DEBUG]: Executing (default): SELECT `id`, `loginId`, `loginPwd`, `createdAt`, `deletedAt` FROM `Admins` AS `Admin` WHERE (`Admin`.`deletedAt` IS NULL);

sql [2021-03-05 01:38:12] [DEBUG]: Executing (default): SELECT count(*) AS `count` FROM `Articles` AS `Article` WHERE (`Article`.`deletedAt` IS NULL);

sql [2021-03-05 01:38:12] [DEBUG]: Executing (default): SELECT `id`, `title`, `content`, `imgurl`, `author`, `createdAt`, `deletedAt`, `AdminId` FROM `Articles` AS `Article` WHERE (`Article`.`deletedAt` IS NULL);

sql [2021-03-05 01:38:12] [DEBUG]: Executing (default): SELECT count(*) AS `count` FROM `Articles` AS `Article` WHERE (`Article`.`deletedAt` IS NULL);

sql [2021-03-05 01:40:38] [DEBUG]: Executing (default): SELECT `id`, `loginId`, `loginPwd`, `createdAt`, `deletedAt` FROM `Admins` AS `Admin` WHERE (`Admin`.`deletedAt` IS NULL AND (`Admin`.`loginId` = '' AND `Admin`.`loginPwd` = ''));

sql [2021-03-05 01:43:06] [DEBUG]: Executing (default): SELECT `id`, `loginId`, `loginPwd`, `createdAt`, `deletedAt` FROM `Admins` AS `Admin` WHERE (`Admin`.`deletedAt` IS NULL AND (`Admin`.`loginId` = '' AND `Admin`.`loginPwd` = ''));

sql [2021-03-05 01:43:23] [DEBUG]: Executing (default): SELECT `id`, `loginId`, `loginPwd`, `createdAt`, `deletedAt` FROM `Admins` AS `Admin` WHERE (`Admin`.`deletedAt` IS NULL AND (`Admin`.`loginId` = '' AND `Admin`.`loginPwd` = ''));

sql [2021-03-05 01:48:30] [DEBUG]: Executing (default): SELECT `id`, `loginId`, `loginPwd`, `createdAt`, `deletedAt` FROM `Admins` AS `Admin` WHERE (`Admin`.`deletedAt` IS NULL);

sql [2021-03-05 01:48:30] [DEBUG]: Executing (default): SELECT count(*) AS `count` FROM `Articles` AS `Article` WHERE (`Article`.`deletedAt` IS NULL);

sql [2021-03-05 01:48:30] [DEBUG]: Executing (default): SELECT `id`, `title`, `content`, `imgurl`, `author`, `createdAt`, `deletedAt`, `AdminId` FROM `Articles` AS `Article` WHERE (`Article`.`deletedAt` IS NULL);

sql [2021-03-05 01:48:30] [DEBUG]: Executing (default): SELECT count(*) AS `count` FROM `Articles` AS `Article` WHERE (`Article`.`deletedAt` IS NULL);

sql [2021-03-05 01:52:39] [DEBUG]: Executing (default): SELECT `id`, `loginId`, `loginPwd`, `createdAt`, `deletedAt` FROM `Admins` AS `Admin` WHERE (`Admin`.`deletedAt` IS NULL);

sql [2021-03-05 01:52:39] [DEBUG]: Executing (default): SELECT count(*) AS `count` FROM `Articles` AS `Article` WHERE (`Article`.`deletedAt` IS NULL);

sql [2021-03-05 01:52:39] [DEBUG]: Executing (default): SELECT `id`, `title`, `content`, `imgurl`, `author`, `createdAt`, `deletedAt`, `AdminId` FROM `Articles` AS `Article` WHERE (`Article`.`deletedAt` IS NULL);

sql [2021-03-05 01:52:39] [DEBUG]: Executing (default): SELECT count(*) AS `count` FROM `Articles` AS `Article` WHERE (`Article`.`deletedAt` IS NULL);

sql [2021-03-05 01:53:06] [DEBUG]: Executing (default): SELECT `id`, `loginId`, `loginPwd`, `createdAt`, `deletedAt` FROM `Admins` AS `Admin` WHERE (`Admin`.`deletedAt` IS NULL);

sql [2021-03-05 01:53:06] [DEBUG]: Executing (default): SELECT count(*) AS `count` FROM `Articles` AS `Article` WHERE (`Article`.`deletedAt` IS NULL);

sql [2021-03-05 01:53:06] [DEBUG]: Executing (default): SELECT `id`, `title`, `content`, `imgurl`, `author`, `createdAt`, `deletedAt`, `AdminId` FROM `Articles` AS `Article` WHERE (`Article`.`deletedAt` IS NULL);

sql [2021-03-05 01:53:06] [DEBUG]: Executing (default): SELECT count(*) AS `count` FROM `Articles` AS `Article` WHERE (`Article`.`deletedAt` IS NULL);

sql [2021-03-05 01:56:44] [DEBUG]: Executing (default): INSERT INTO `Admins` (`id`,`loginId`,`loginPwd`,`createdAt`) VALUES (DEFAULT,?,?,?);

sql [2021-03-05 01:59:31] [DEBUG]: Executing (default): SELECT `id`, `loginId`, `loginPwd`, `createdAt`, `deletedAt` FROM `Admins` AS `Admin` WHERE (`Admin`.`deletedAt` IS NULL);

sql [2021-03-05 01:59:31] [DEBUG]: Executing (default): SELECT count(*) AS `count` FROM `Articles` AS `Article` WHERE (`Article`.`deletedAt` IS NULL);

sql [2021-03-05 01:59:31] [DEBUG]: Executing (default): SELECT `id`, `title`, `content`, `imgurl`, `author`, `createdAt`, `deletedAt`, `AdminId` FROM `Articles` AS `Article` WHERE (`Article`.`deletedAt` IS NULL);

sql [2021-03-05 01:59:31] [DEBUG]: Executing (default): SELECT count(*) AS `count` FROM `Articles` AS `Article` WHERE (`Article`.`deletedAt` IS NULL);

sql [2021-03-05 02:00:27] [DEBUG]: Executing (default): SELECT `id`, `loginId`, `loginPwd`, `createdAt`, `deletedAt` FROM `Admins` AS `Admin` WHERE (`Admin`.`deletedAt` IS NULL AND (`Admin`.`loginId` = 'abcd' AND `Admin`.`loginPwd` = '123123123'));

sql [2021-03-05 02:01:54] [DEBUG]: Executing (default): CREATE TABLE IF NOT EXISTS `Admins` (`id` INTEGER NOT NULL auto_increment , `loginId` VARCHAR(16) NOT NULL UNIQUE, `loginPwd` VARCHAR(16) NOT NULL, `createdAt` DATETIME NOT NULL, `deletedAt` DATETIME, PRIMARY KEY (`id`)) ENGINE=InnoDB;

sql [2021-03-05 02:01:54] [DEBUG]: Executing (default): SHOW FULL COLUMNS FROM `Admins`;

sql [2021-03-05 02:01:54] [DEBUG]: Executing (default): SELECT CONSTRAINT_NAME as constraint_name,CONSTRAINT_NAME as constraintName,CONSTRAINT_SCHEMA as constraintSchema,CONSTRAINT_SCHEMA as constraintCatalog,TABLE_NAME as tableName,TABLE_SCHEMA as tableSchema,TABLE_SCHEMA as tableCatalog,COLUMN_NAME as columnName,REFERENCED_TABLE_SCHEMA as referencedTableSchema,REFERENCED_TABLE_SCHEMA as referencedTableCatalog,REFERENCED_TABLE_NAME as referencedTableName,REFERENCED_COLUMN_NAME as referencedColumnName FROM INFORMATION_SCHEMA.KEY_COLUMN_USAGE where TABLE_NAME = 'Admins' AND CONSTRAINT_NAME!='PRIMARY' AND CONSTRAINT_SCHEMA='myblog' AND REFERENCED_TABLE_NAME IS NOT NULL;

sql [2021-03-05 02:01:54] [DEBUG]: Executing (default): ALTER TABLE `Admins` CHANGE `loginId` `loginId` VARCHAR(16) NOT NULL UNIQUE;

sql [2021-03-05 02:01:54] [DEBUG]: Executing (default): ALTER TABLE `Admins` CHANGE `loginPwd` `loginPwd` VARCHAR(16) NOT NULL;

sql [2021-03-05 02:01:54] [DEBUG]: Executing (default): ALTER TABLE `Admins` CHANGE `createdAt` `createdAt` DATETIME NOT NULL;

sql [2021-03-05 02:01:54] [DEBUG]: Executing (default): ALTER TABLE `Admins` CHANGE `deletedAt` `deletedAt` DATETIME;

sql [2021-03-05 02:01:54] [DEBUG]: Executing (default): SHOW INDEX FROM `Admins`

sql [2021-03-05 02:01:54] [DEBUG]: Executing (default): CREATE TABLE IF NOT EXISTS `Articles` (`id` INTEGER NOT NULL auto_increment , `title` VARCHAR(50) NOT NULL, `content` TEXT NOT NULL, `imgurl` VARCHAR(255), `author` VARCHAR(20) NOT NULL, `createdAt` DATETIME NOT NULL, `deletedAt` DATETIME, `AdminId` INTEGER, PRIMARY KEY (`id`), FOREIGN KEY (`AdminId`) REFERENCES `Admins` (`id`) ON DELETE SET NULL ON UPDATE CASCADE) ENGINE=InnoDB;

sql [2021-03-05 02:01:54] [DEBUG]: Executing (default): SHOW FULL COLUMNS FROM `Articles`;

sql [2021-03-05 02:01:54] [DEBUG]: Executing (default): SELECT CONSTRAINT_NAME as constraint_name,CONSTRAINT_NAME as constraintName,CONSTRAINT_SCHEMA as constraintSchema,CONSTRAINT_SCHEMA as constraintCatalog,TABLE_NAME as tableName,TABLE_SCHEMA as tableSchema,TABLE_SCHEMA as tableCatalog,COLUMN_NAME as columnName,REFERENCED_TABLE_SCHEMA as referencedTableSchema,REFERENCED_TABLE_SCHEMA as referencedTableCatalog,REFERENCED_TABLE_NAME as referencedTableName,REFERENCED_COLUMN_NAME as referencedColumnName FROM INFORMATION_SCHEMA.KEY_COLUMN_USAGE where TABLE_NAME = 'Articles' AND CONSTRAINT_NAME!='PRIMARY' AND CONSTRAINT_SCHEMA='myblog' AND REFERENCED_TABLE_NAME IS NOT NULL;

sql [2021-03-05 02:01:54] [DEBUG]: Executing (default): ALTER TABLE `Articles` CHANGE `title` `title` VARCHAR(50) NOT NULL;

sql [2021-03-05 02:01:54] [DEBUG]: Executing (default): ALTER TABLE `Articles` CHANGE `content` `content` TEXT NOT NULL;

sql [2021-03-05 02:01:54] [DEBUG]: Executing (default): ALTER TABLE `Articles` CHANGE `imgurl` `imgurl` VARCHAR(255);

sql [2021-03-05 02:01:54] [DEBUG]: Executing (default): ALTER TABLE `Articles` CHANGE `author` `author` VARCHAR(20) NOT NULL;

sql [2021-03-05 02:01:54] [DEBUG]: Executing (default): ALTER TABLE `Articles` CHANGE `createdAt` `createdAt` DATETIME NOT NULL;

sql [2021-03-05 02:01:54] [DEBUG]: Executing (default): ALTER TABLE `Articles` CHANGE `deletedAt` `deletedAt` DATETIME;

sql [2021-03-05 02:01:54] [DEBUG]: Executing (default): ALTER TABLE `Articles` ADD FOREIGN KEY (`AdminId`) REFERENCES `Admins` (`id`) ON DELETE SET NULL ON UPDATE CASCADE;

sql [2021-03-05 02:01:54] [DEBUG]: Executing (default): SHOW INDEX FROM `Articles`

